
SQL*Plus: Release 11.2.0.2.0 Production on 星期四 9月 20 09:06:37 2018

Copyright (c) 1982, 2014, Oracle.  All rights reserved.


连接到: 
Oracle Database 11g Enterprise Edition Release 11.2.0.1.0 - 64bit Production
With the Partitioning, OLAP, Data Mining and Real Application Testing options


表被截断。


表被截断。


表被截断。


已更新5行。


已更新5行。


已更新5行。


已更新5行。


已更新55行。


已更新55行。


已更新244行。


已更新1063行。


已更新1254行。


已更新45行。


已更新185行。


已更新220行。


已更新45行。


已更新185行。


已更新220行。


已更新45行。


已更新185行。


已更新220行。


提交完成。


已更新 1 行。


已更新 1 行。


已更新 1 行。


已更新 1 行。


已更新 1 行。


已更新 1 行。


已更新 1 行。


已更新 1 行。


已更新 1 行。


已更新 1 行。


已更新 1 行。


已更新2行。


提交完成。


表被截断。


表被截断。


表被截断。


表被截断。


表被截断。


表被截断。


表被截断。


表被截断。


表被截断。


表被截断。


表被截断。


已创建 1 行。


已创建 1 行。


已创建 1 行。


已创建 1 行。


已创建 1 行。


已创建 1 行。


已创建 1 行。


已创建 1 行。


已创建 1 行。


已创建 1 行。


已创建 1 行。


已创建 1 行。


已创建 1 行。


已创建 1 行。


已创建 1 行。


已更新83行。


已更新9350行。


已删除0行。


已删除0行。


已删除0行。


已删除103行。


已删除5行。


已删除5行。


已删除5行。


已更新0行。


已更新0行。


已更新0行。


已更新0行。


已更新0行。


已更新0行。


已更新0行。


已更新 1 行。


已更新 1 行。


已更新 1 行。


已更新 1 行。


已更新 1 行。


已更新 1 行。


已更新 1 行。


已更新 1 行。


已更新 1 行。


已更新 1 行。


已更新 1 行。


已更新 1 行。


已更新 1 行。


已更新 1 行。


已更新 1 行。


已更新 1 行。


已更新 1 行。


已更新 1 行。


已更新 1 行。


已更新 1 行。

Importing table acc_cellcap...
Done.
Importing table acc_cellstk...
Done.
Importing table acc_fundcap...
Done.
Importing table acc_fundstk...
Done.
Importing table acc_proflcap...
Done.
Importing table acc_proflstk...
Done.
Importing table dl_stkdetail...
Done.
Importing table acc_cell_combhold...
Done.
Importing table acc_profl_combhold...
Done.
Importing table acc_fundstk...
Done.
Importing table acc_cellstk...
Done.
Importing table acc_proflstk...
Done.
Importing table dl_stkdetail...
Done.
从 Oracle Database 11g Enterprise Edition Release 11.2.0.1.0 - 64bit Production
With the Partitioning, OLAP, Data Mining and Real Application Testing options 断开
