2018-09-19 11:15:07 MonitorClient.py[line:47] INFO Oracle connecting>>>>>>>>>
2018-09-19 11:15:08 MonitorClient.py[line:55] INFO Operating ORACLE :core/core@10.243.140.219/its
2018-09-19 11:15:09 MonitorClient.py[line:64] INFO Strating Server.....
2018-09-19 11:15:09 MonitorClient.py[line:68] INFO [(1, 104, 1, '\xd0\xd0\xc7\xe9\xb7\xfe\xce\xf1\xc6\xf7'), (11, 1, 1, 'arb\xd7\xdc\xcf\xdf'), (120, 27, 1, '\xc7\xb0\xd6\xc3\xbb\xfa-\xd6\xf7'), (130, 27, 2, '\xc7\xb0\xd6\xc3\xbb\xfa-\xb1\xb8'), (140, 50, 1, '\xc6\xda\xbb\xf5\xbd\xbb\xd2\xd7\xba\xcb\xd0\xc4'), (150, 25, 1, '\xd6\xa4\xc8\xaf\xbd\xbb\xd2\xd7\xba\xcb\xd0\xc4'), (160, 52, 1, '\xb8\xf6\xb9\xc9\xc6\xda\xc8\xa8\xbd\xbb\xd2\xd7\xba\xcb\xd0\xc4(\xd6\xf7)'), (170, 60, 1, '\xd6\xb8\xc1\xee\xd2\xb5\xce\xf1\xb7\xfe\xce\xf1'), (175, 61, 1, '\xca\xfd\xbe\xdd\xcd\xac\xb2\xbd\xb7\xfe\xce\xf1'), (260, 53, 1, '\xd6\xa4\xc8\xaf\xb9\xf1\xcc\xa8\xb1\xa8\xc5\xcc\xb7\xfe\xce\xf1'), (1100, 51, 1, '\xb1\xa8\xc5\xcc\xc4\xa3\xc4\xe2\xb4\xe9\xba\xcf-\xc6\xda\xbb\xf5'), (1110, 51, 2, '\xb1\xa8\xc5\xcc\xc4\xa3\xc4\xe2\xb4\xe9\xba\xcf-\xc6\xda\xc8\xa8')]
2018-09-19 11:15:09 MonitorClient.py[line:70] INFO group_id:104
2018-09-19 11:15:09 MonitorClient.py[line:72] INFO device_id:1
2018-09-19 11:15:09 MonitorClient.py[line:79] INFO Stoping------>>:行情服务器
2018-09-19 11:15:10 MonitorClient.py[line:122] INFO text:104|1|c:\its\行情服务器|CMDSIII.exe||1|1|104
2018-09-19 11:15:10 MonitorClient.py[line:139] DEBUG insert into its_monitor_message values(:msg_index,:monitors_erver_ip,:type,:text,:status,:strtime)
2018-09-19 11:15:10 MonitorClient.py[line:140] DEBUG {'status': 0, 'text': '104|1|c:\\its\\\xd0\xd0\xc7\xe9\xb7\xfe\xce\xf1\xc6\xf7|CMDSIII.exe||1|1|104', 'strtime': '20180919111510', 'msg_index': 189871, 'type': 2003, 'monitors_erver_ip': '10.243.140.218'}
2018-09-19 11:15:12 MonitorClient.py[line:70] INFO group_id:1
2018-09-19 11:15:12 MonitorClient.py[line:72] INFO device_id:1
2018-09-19 11:15:12 MonitorClient.py[line:79] INFO Stoping------>>:arb总线
2018-09-19 11:15:13 MonitorClient.py[line:122] INFO text:1|1|/home/kfts/its/arb|arb||0|1|1
2018-09-19 11:15:13 MonitorClient.py[line:139] DEBUG insert into its_monitor_message values(:msg_index,:monitors_erver_ip,:type,:text,:status,:strtime)
2018-09-19 11:15:13 MonitorClient.py[line:140] DEBUG {'status': 0, 'text': '1|1|/home/kfts/its/arb|arb||0|1|1', 'strtime': '20180919111513', 'msg_index': 189872, 'type': 2003, 'monitors_erver_ip': '10.243.140.219'}
2018-09-19 11:15:14 MonitorClient.py[line:70] INFO group_id:27
2018-09-19 11:15:14 MonitorClient.py[line:72] INFO device_id:1
2018-09-19 11:15:14 MonitorClient.py[line:79] INFO Stoping------>>:前置机-主
2018-09-19 11:15:15 MonitorClient.py[line:122] INFO text:27|1|/home/kfts/its/trade_front/bin|trade_front||0|1|27
2018-09-19 11:15:15 MonitorClient.py[line:139] DEBUG insert into its_monitor_message values(:msg_index,:monitors_erver_ip,:type,:text,:status,:strtime)
2018-09-19 11:15:15 MonitorClient.py[line:140] DEBUG {'status': 0, 'text': '27|1|/home/kfts/its/trade_front/bin|trade_front||0|1|27', 'strtime': '20180919111515', 'msg_index': 189873, 'type': 2003, 'monitors_erver_ip': '10.243.140.219'}
2018-09-19 11:15:16 MonitorClient.py[line:70] INFO group_id:27
2018-09-19 11:15:16 MonitorClient.py[line:72] INFO device_id:2
2018-09-19 11:15:16 MonitorClient.py[line:79] INFO Stoping------>>:前置机-备
2018-09-19 11:15:17 MonitorClient.py[line:122] INFO text:27|2|/home/kfts/its/trade_front2/bin|trade_front2||0|1|27
2018-09-19 11:15:17 MonitorClient.py[line:139] DEBUG insert into its_monitor_message values(:msg_index,:monitors_erver_ip,:type,:text,:status,:strtime)
2018-09-19 11:15:17 MonitorClient.py[line:140] DEBUG {'status': 0, 'text': '27|2|/home/kfts/its/trade_front2/bin|trade_front2||0|1|27', 'strtime': '20180919111517', 'msg_index': 189874, 'type': 2003, 'monitors_erver_ip': '10.243.140.219'}
2018-09-19 11:15:18 MonitorClient.py[line:70] INFO group_id:50
2018-09-19 11:15:18 MonitorClient.py[line:72] INFO device_id:1
2018-09-19 11:15:18 MonitorClient.py[line:79] INFO Stoping------>>:期货交易核心
2018-09-19 11:15:19 MonitorClient.py[line:122] INFO text:50|1|/home/kfts/its/futures_trade_server|kfts_Future|-RENEW|0|1|50
2018-09-19 11:15:19 MonitorClient.py[line:139] DEBUG insert into its_monitor_message values(:msg_index,:monitors_erver_ip,:type,:text,:status,:strtime)
2018-09-19 11:15:19 MonitorClient.py[line:140] DEBUG {'status': 0, 'text': '50|1|/home/kfts/its/futures_trade_server|kfts_Future|-RENEW|0|1|50', 'strtime': '20180919111519', 'msg_index': 189875, 'type': 2003, 'monitors_erver_ip': '10.243.140.219'}
2018-09-19 11:15:20 MonitorClient.py[line:70] INFO group_id:25
2018-09-19 11:15:20 MonitorClient.py[line:72] INFO device_id:1
2018-09-19 11:15:20 MonitorClient.py[line:79] INFO Stoping------>>:证券交易核心
2018-09-19 11:15:21 MonitorClient.py[line:122] INFO text:25|1|/home/kfts/its/securities_trade_server/bin|trade_server||0|1|25
2018-09-19 11:15:21 MonitorClient.py[line:139] DEBUG insert into its_monitor_message values(:msg_index,:monitors_erver_ip,:type,:text,:status,:strtime)
2018-09-19 11:15:21 MonitorClient.py[line:140] DEBUG {'status': 0, 'text': '25|1|/home/kfts/its/securities_trade_server/bin|trade_server||0|1|25', 'strtime': '20180919111521', 'msg_index': 189876, 'type': 2003, 'monitors_erver_ip': '10.243.140.219'}
2018-09-19 11:15:22 MonitorClient.py[line:70] INFO group_id:52
2018-09-19 11:15:22 MonitorClient.py[line:72] INFO device_id:1
2018-09-19 11:15:22 MonitorClient.py[line:79] INFO Stoping------>>:个股期权交易核心(主)
2018-09-19 11:15:23 MonitorClient.py[line:122] INFO text:52|1|/home/kfts/its/stock_options_trade_server|kfts_StockOption||0|1|52
2018-09-19 11:15:23 MonitorClient.py[line:139] DEBUG insert into its_monitor_message values(:msg_index,:monitors_erver_ip,:type,:text,:status,:strtime)
2018-09-19 11:15:23 MonitorClient.py[line:140] DEBUG {'status': 0, 'text': '52|1|/home/kfts/its/stock_options_trade_server|kfts_StockOption||0|1|52', 'strtime': '20180919111523', 'msg_index': 189877, 'type': 2003, 'monitors_erver_ip': '10.243.140.219'}
2018-09-19 11:15:24 MonitorClient.py[line:70] INFO group_id:60
2018-09-19 11:15:24 MonitorClient.py[line:72] INFO device_id:1
2018-09-19 11:15:24 MonitorClient.py[line:79] INFO Stoping------>>:指令业务服务
2018-09-19 11:15:25 MonitorClient.py[line:122] INFO text:60|1|/home/kfts/its/its_service|ITSService||0|1|60
2018-09-19 11:15:25 MonitorClient.py[line:139] DEBUG insert into its_monitor_message values(:msg_index,:monitors_erver_ip,:type,:text,:status,:strtime)
2018-09-19 11:15:25 MonitorClient.py[line:140] DEBUG {'status': 0, 'text': '60|1|/home/kfts/its/its_service|ITSService||0|1|60', 'strtime': '20180919111525', 'msg_index': 189878, 'type': 2003, 'monitors_erver_ip': '10.243.140.219'}
2018-09-19 11:15:26 MonitorClient.py[line:70] INFO group_id:61
2018-09-19 11:15:26 MonitorClient.py[line:72] INFO device_id:1
2018-09-19 11:15:26 MonitorClient.py[line:79] INFO Stoping------>>:数据同步服务
2018-09-19 11:15:27 MonitorClient.py[line:122] INFO text:61|1|/home/kfts/its/data_sync|data_sync|-up all|0|1|61
2018-09-19 11:15:27 MonitorClient.py[line:139] DEBUG insert into its_monitor_message values(:msg_index,:monitors_erver_ip,:type,:text,:status,:strtime)
2018-09-19 11:15:27 MonitorClient.py[line:140] DEBUG {'status': 0, 'text': '61|1|/home/kfts/its/data_sync|data_sync|-up all|0|1|61', 'strtime': '20180919111527', 'msg_index': 189879, 'type': 2003, 'monitors_erver_ip': '10.243.140.219'}
2018-09-19 11:15:28 MonitorClient.py[line:70] INFO group_id:53
2018-09-19 11:15:28 MonitorClient.py[line:72] INFO device_id:1
2018-09-19 11:15:28 MonitorClient.py[line:79] INFO Stoping------>>:证券柜台报盘服务
2018-09-19 11:15:29 MonitorClient.py[line:122] INFO text:53|1|c:\its\证券柜台报盘机|OrderCentral_Security.exe||0|1|53
2018-09-19 11:15:29 MonitorClient.py[line:139] DEBUG insert into its_monitor_message values(:msg_index,:monitors_erver_ip,:type,:text,:status,:strtime)
2018-09-19 11:15:29 MonitorClient.py[line:140] DEBUG {'status': 0, 'text': '53|1|c:\\its\\\xd6\xa4\xc8\xaf\xb9\xf1\xcc\xa8\xb1\xa8\xc5\xcc\xbb\xfa|OrderCentral_Security.exe||0|1|53', 'strtime': '20180919111529', 'msg_index': 189880, 'type': 2003, 'monitors_erver_ip': '10.243.140.218'}
2018-09-19 11:15:30 MonitorClient.py[line:70] INFO group_id:51
2018-09-19 11:15:30 MonitorClient.py[line:72] INFO device_id:1
2018-09-19 11:15:30 MonitorClient.py[line:79] INFO Stoping------>>:报盘模拟撮合-期货
2018-09-19 11:15:31 MonitorClient.py[line:122] INFO text:51|1|c:\its\MatchCentre-Fut|MatchCentre-Fut.exe||0|1|51
2018-09-19 11:15:31 MonitorClient.py[line:139] DEBUG insert into its_monitor_message values(:msg_index,:monitors_erver_ip,:type,:text,:status,:strtime)
2018-09-19 11:15:31 MonitorClient.py[line:140] DEBUG {'status': 0, 'text': '51|1|c:\\its\\MatchCentre-Fut|MatchCentre-Fut.exe||0|1|51', 'strtime': '20180919111531', 'msg_index': 189881, 'type': 2003, 'monitors_erver_ip': '10.243.140.218'}
2018-09-19 11:15:32 MonitorClient.py[line:70] INFO group_id:51
2018-09-19 11:15:32 MonitorClient.py[line:72] INFO device_id:2
2018-09-19 11:15:32 MonitorClient.py[line:79] INFO Stoping------>>:报盘模拟撮合-期权
2018-09-19 11:15:33 MonitorClient.py[line:122] INFO text:51|2|C:\its\MatchCentre-Option|MatchCentre-Option.exe||0|1|51
2018-09-19 11:15:33 MonitorClient.py[line:139] DEBUG insert into its_monitor_message values(:msg_index,:monitors_erver_ip,:type,:text,:status,:strtime)
2018-09-19 11:15:33 MonitorClient.py[line:140] DEBUG {'status': 0, 'text': '51|2|C:\\its\\MatchCentre-Option|MatchCentre-Option.exe||0|1|51', 'strtime': '20180919111533', 'msg_index': 189882, 'type': 2003, 'monitors_erver_ip': '10.243.140.218'}
2018-09-19 11:15:34 MonitorClient.py[line:153] INFO <<------->>ALL Stop Sucess<<------->>
2018-09-19 11:15:44 transport.py[line:1687] DEBUG starting thread (client mode): 0x4643a70L
2018-09-19 11:15:44 transport.py[line:1687] DEBUG Local version/idstring: SSH-2.0-paramiko_2.4.1
2018-09-19 11:15:44 transport.py[line:1687] DEBUG Remote version/idstring: SSH-2.0-OpenSSH_5.3
2018-09-19 11:15:44 transport.py[line:1687] INFO Connected (version 2.0, client OpenSSH_5.3)
2018-09-19 11:15:44 transport.py[line:1687] DEBUG kex algos:[u'diffie-hellman-group-exchange-sha256', u'diffie-hellman-group-exchange-sha1', u'diffie-hellman-group14-sha1', u'diffie-hellman-group1-sha1'] server key:[u'ssh-rsa', u'ssh-dss'] client encrypt:[u'aes128-ctr', u'aes192-ctr', u'aes256-ctr', u'arcfour256', u'arcfour128', u'aes128-cbc', u'3des-cbc', u'blowfish-cbc', u'cast128-cbc', u'aes192-cbc', u'aes256-cbc', u'arcfour', u'rijndael-cbc@lysator.liu.se'] server encrypt:[u'aes128-ctr', u'aes192-ctr', u'aes256-ctr', u'arcfour256', u'arcfour128', u'aes128-cbc', u'3des-cbc', u'blowfish-cbc', u'cast128-cbc', u'aes192-cbc', u'aes256-cbc', u'arcfour', u'rijndael-cbc@lysator.liu.se'] client mac:[u'hmac-md5', u'hmac-sha1', u'umac-64@openssh.com', u'hmac-sha2-256', u'hmac-sha2-512', u'hmac-ripemd160', u'hmac-ripemd160@openssh.com', u'hmac-sha1-96', u'hmac-md5-96'] server mac:[u'hmac-md5', u'hmac-sha1', u'umac-64@openssh.com', u'hmac-sha2-256', u'hmac-sha2-512', u'hmac-ripemd160', u'hmac-ripemd160@openssh.com', u'hmac-sha1-96', u'hmac-md5-96'] client compress:[u'none', u'zlib@openssh.com'] server compress:[u'none', u'zlib@openssh.com'] client lang:[u''] server lang:[u''] kex follows?False
2018-09-19 11:15:44 transport.py[line:1687] DEBUG Kex agreed: diffie-hellman-group-exchange-sha256
2018-09-19 11:15:44 transport.py[line:1687] DEBUG HostKey agreed: ssh-rsa
2018-09-19 11:15:44 transport.py[line:1687] DEBUG Cipher agreed: aes128-ctr
2018-09-19 11:15:44 transport.py[line:1687] DEBUG MAC agreed: hmac-sha2-256
2018-09-19 11:15:44 transport.py[line:1687] DEBUG Compression agreed: none
2018-09-19 11:15:44 transport.py[line:1687] DEBUG Got server p (2048 bits)
2018-09-19 11:15:45 transport.py[line:1687] DEBUG kex engine KexGexSHA256 specified hash_algo <built-in function openssl_sha256>
2018-09-19 11:15:45 transport.py[line:1687] DEBUG Switch to new keys ...
2018-09-19 11:15:45 transport.py[line:1687] DEBUG Attempting password auth...
2018-09-19 11:15:45 transport.py[line:1687] DEBUG userauth is OK
2018-09-19 11:15:45 transport.py[line:1687] INFO Authentication (password) successful!
2018-09-19 11:15:45 channel.py[line:1184] DEBUG [chan 0] Max packet in: 32768 bytes
2018-09-19 11:15:45 channel.py[line:1184] DEBUG [chan 0] Max packet out: 32768 bytes
2018-09-19 11:15:45 transport.py[line:1687] DEBUG Secsh channel 0 opened.
2018-09-19 11:15:45 channel.py[line:1184] DEBUG [chan 0] Sesch channel 0 request ok
2018-09-19 11:15:45 channel.py[line:1184] DEBUG [chan 0] Sesch channel 0 request ok
2018-09-19 11:15:45 transport.py[line:1687] DEBUG EOF in transport thread
