2018-07-17 15:12:44 MonitorClient.py[line:47] INFO Oracle connecting>>>>>>>>>
2018-07-17 15:12:44 MonitorClient.py[line:55] INFO Operating ORACLE :core/core@10.243.140.219/its
2018-07-17 15:12:46 MonitorClient.py[line:64] INFO Strating Server.....
2018-07-17 15:12:46 MonitorClient.py[line:68] INFO [(1, 104, 1, '\xd0\xd0\xc7\xe9\xb7\xfe\xce\xf1\xc6\xf7'), (11, 1, 1, 'arb\xd7\xdc\xcf\xdf'), (120, 27, 1, '\xc7\xb0\xd6\xc3\xbb\xfa-\xd6\xf7'), (130, 27, 2, '\xc7\xb0\xd6\xc3\xbb\xfa-\xb1\xb8'), (140, 50, 1, '\xc6\xda\xbb\xf5\xbd\xbb\xd2\xd7\xba\xcb\xd0\xc4'), (150, 25, 1, '\xd6\xa4\xc8\xaf\xbd\xbb\xd2\xd7\xba\xcb\xd0\xc4'), (160, 52, 1, '\xb8\xf6\xb9\xc9\xc6\xda\xc8\xa8\xbd\xbb\xd2\xd7\xba\xcb\xd0\xc4(\xd6\xf7)'), (170, 60, 1, '\xd6\xb8\xc1\xee\xd2\xb5\xce\xf1\xb7\xfe\xce\xf1'), (175, 61, 1, '\xca\xfd\xbe\xdd\xcd\xac\xb2\xbd\xb7\xfe\xce\xf1'), (260, 53, 1, '\xd6\xa4\xc8\xaf\xb9\xf1\xcc\xa8\xb1\xa8\xc5\xcc\xb7\xfe\xce\xf1'), (1100, 51, 1, '\xb1\xa8\xc5\xcc\xc4\xa3\xc4\xe2\xb4\xe9\xba\xcf-\xc6\xda\xbb\xf5'), (1110, 51, 2, '\xb1\xa8\xc5\xcc\xc4\xa3\xc4\xe2\xb4\xe9\xba\xcf-\xc6\xda\xc8\xa8')]
2018-07-17 15:12:46 MonitorClient.py[line:70] INFO group_id:104
2018-07-17 15:12:46 MonitorClient.py[line:72] INFO device_id:1
2018-07-17 15:12:46 MonitorClient.py[line:79] INFO Stoping------>>:行情服务器
2018-07-17 15:12:47 MonitorClient.py[line:122] INFO text:104|1|c:\its\行情服务器|CMDSIII.exe||1|1|104
2018-07-17 15:12:47 MonitorClient.py[line:139] DEBUG insert into its_monitor_message values(:msg_index,:monitors_erver_ip,:type,:text,:status,:strtime)
2018-07-17 15:12:47 MonitorClient.py[line:140] DEBUG {'status': 0, 'text': '104|1|c:\\its\\\xd0\xd0\xc7\xe9\xb7\xfe\xce\xf1\xc6\xf7|CMDSIII.exe||1|1|104', 'strtime': '20180717151247', 'msg_index': 186850, 'type': 2003, 'monitors_erver_ip': '10.243.140.218'}
2018-07-17 15:12:48 MonitorClient.py[line:70] INFO group_id:1
2018-07-17 15:12:48 MonitorClient.py[line:72] INFO device_id:1
2018-07-17 15:12:48 MonitorClient.py[line:79] INFO Stoping------>>:arb总线
2018-07-17 15:12:49 MonitorClient.py[line:122] INFO text:1|1|/home/kfts/its/arb|arb||0|1|1
2018-07-17 15:12:49 MonitorClient.py[line:139] DEBUG insert into its_monitor_message values(:msg_index,:monitors_erver_ip,:type,:text,:status,:strtime)
2018-07-17 15:12:49 MonitorClient.py[line:140] DEBUG {'status': 0, 'text': '1|1|/home/kfts/its/arb|arb||0|1|1', 'strtime': '20180717151249', 'msg_index': 186850, 'type': 2003, 'monitors_erver_ip': '10.243.140.219'}
2018-07-17 15:12:50 MonitorClient.py[line:70] INFO group_id:27
2018-07-17 15:12:50 MonitorClient.py[line:72] INFO device_id:1
2018-07-17 15:12:50 MonitorClient.py[line:79] INFO Stoping------>>:前置机-主
2018-07-17 15:12:51 MonitorClient.py[line:122] INFO text:27|1|/home/kfts/its/trade_front/bin|trade_front||0|1|27
2018-07-17 15:12:51 MonitorClient.py[line:139] DEBUG insert into its_monitor_message values(:msg_index,:monitors_erver_ip,:type,:text,:status,:strtime)
2018-07-17 15:12:51 MonitorClient.py[line:140] DEBUG {'status': 0, 'text': '27|1|/home/kfts/its/trade_front/bin|trade_front||0|1|27', 'strtime': '20180717151251', 'msg_index': 186850, 'type': 2003, 'monitors_erver_ip': '10.243.140.219'}
2018-07-17 15:12:52 MonitorClient.py[line:70] INFO group_id:27
2018-07-17 15:12:52 MonitorClient.py[line:72] INFO device_id:2
2018-07-17 15:12:52 MonitorClient.py[line:79] INFO Stoping------>>:前置机-备
2018-07-17 15:12:53 MonitorClient.py[line:122] INFO text:27|2|/home/kfts/its/trade_front2/bin|trade_front2||0|1|27
2018-07-17 15:12:53 MonitorClient.py[line:139] DEBUG insert into its_monitor_message values(:msg_index,:monitors_erver_ip,:type,:text,:status,:strtime)
2018-07-17 15:12:53 MonitorClient.py[line:140] DEBUG {'status': 0, 'text': '27|2|/home/kfts/its/trade_front2/bin|trade_front2||0|1|27', 'strtime': '20180717151253', 'msg_index': 186850, 'type': 2003, 'monitors_erver_ip': '10.243.140.219'}
2018-07-17 15:12:54 MonitorClient.py[line:70] INFO group_id:50
2018-07-17 15:12:54 MonitorClient.py[line:72] INFO device_id:1
2018-07-17 15:12:54 MonitorClient.py[line:79] INFO Stoping------>>:期货交易核心
2018-07-17 15:12:55 MonitorClient.py[line:122] INFO text:50|1|/home/kfts/its/futures_trade_server|kfts_Future|-RENEW|0|1|50
2018-07-17 15:12:55 MonitorClient.py[line:139] DEBUG insert into its_monitor_message values(:msg_index,:monitors_erver_ip,:type,:text,:status,:strtime)
2018-07-17 15:12:55 MonitorClient.py[line:140] DEBUG {'status': 0, 'text': '50|1|/home/kfts/its/futures_trade_server|kfts_Future|-RENEW|0|1|50', 'strtime': '20180717151255', 'msg_index': 186850, 'type': 2003, 'monitors_erver_ip': '10.243.140.219'}
2018-07-17 15:12:56 MonitorClient.py[line:70] INFO group_id:25
2018-07-17 15:12:56 MonitorClient.py[line:72] INFO device_id:1
2018-07-17 15:12:56 MonitorClient.py[line:79] INFO Stoping------>>:证券交易核心
2018-07-17 15:12:57 MonitorClient.py[line:122] INFO text:25|1|/home/kfts/its/securities_trade_server/bin|trade_server||0|1|25
2018-07-17 15:12:57 MonitorClient.py[line:139] DEBUG insert into its_monitor_message values(:msg_index,:monitors_erver_ip,:type,:text,:status,:strtime)
2018-07-17 15:12:57 MonitorClient.py[line:140] DEBUG {'status': 0, 'text': '25|1|/home/kfts/its/securities_trade_server/bin|trade_server||0|1|25', 'strtime': '20180717151257', 'msg_index': 186850, 'type': 2003, 'monitors_erver_ip': '10.243.140.219'}
2018-07-17 15:12:58 MonitorClient.py[line:70] INFO group_id:52
2018-07-17 15:12:58 MonitorClient.py[line:72] INFO device_id:1
2018-07-17 15:12:58 MonitorClient.py[line:79] INFO Stoping------>>:个股期权交易核心(主)
2018-07-17 15:12:59 MonitorClient.py[line:122] INFO text:52|1|/home/kfts/its/stock_options_trade_server|kfts_StockOption||0|1|52
2018-07-17 15:12:59 MonitorClient.py[line:139] DEBUG insert into its_monitor_message values(:msg_index,:monitors_erver_ip,:type,:text,:status,:strtime)
2018-07-17 15:12:59 MonitorClient.py[line:140] DEBUG {'status': 0, 'text': '52|1|/home/kfts/its/stock_options_trade_server|kfts_StockOption||0|1|52', 'strtime': '20180717151259', 'msg_index': 186850, 'type': 2003, 'monitors_erver_ip': '10.243.140.219'}
2018-07-17 15:13:00 MonitorClient.py[line:70] INFO group_id:60
2018-07-17 15:13:00 MonitorClient.py[line:72] INFO device_id:1
2018-07-17 15:13:00 MonitorClient.py[line:79] INFO Stoping------>>:指令业务服务
2018-07-17 15:13:01 MonitorClient.py[line:122] INFO text:60|1|/home/kfts/its/its_service|ITSService||0|1|60
2018-07-17 15:13:01 MonitorClient.py[line:139] DEBUG insert into its_monitor_message values(:msg_index,:monitors_erver_ip,:type,:text,:status,:strtime)
2018-07-17 15:13:01 MonitorClient.py[line:140] DEBUG {'status': 0, 'text': '60|1|/home/kfts/its/its_service|ITSService||0|1|60', 'strtime': '20180717151301', 'msg_index': 186850, 'type': 2003, 'monitors_erver_ip': '10.243.140.219'}
2018-07-17 15:13:02 MonitorClient.py[line:70] INFO group_id:61
2018-07-17 15:13:02 MonitorClient.py[line:72] INFO device_id:1
2018-07-17 15:13:02 MonitorClient.py[line:79] INFO Stoping------>>:数据同步服务
2018-07-17 15:13:03 MonitorClient.py[line:122] INFO text:61|1|/home/kfts/its/data_sync|data_sync|-up all|0|1|61
2018-07-17 15:13:03 MonitorClient.py[line:139] DEBUG insert into its_monitor_message values(:msg_index,:monitors_erver_ip,:type,:text,:status,:strtime)
2018-07-17 15:13:03 MonitorClient.py[line:140] DEBUG {'status': 0, 'text': '61|1|/home/kfts/its/data_sync|data_sync|-up all|0|1|61', 'strtime': '20180717151303', 'msg_index': 186850, 'type': 2003, 'monitors_erver_ip': '10.243.140.219'}
2018-07-17 15:13:04 MonitorClient.py[line:70] INFO group_id:53
2018-07-17 15:13:04 MonitorClient.py[line:72] INFO device_id:1
2018-07-17 15:13:04 MonitorClient.py[line:79] INFO Stoping------>>:证券柜台报盘服务
2018-07-17 15:13:05 MonitorClient.py[line:122] INFO text:53|1|c:\its\证券柜台报盘机|OrderCentral_Security.exe||0|1|53
2018-07-17 15:13:05 MonitorClient.py[line:139] DEBUG insert into its_monitor_message values(:msg_index,:monitors_erver_ip,:type,:text,:status,:strtime)
2018-07-17 15:13:05 MonitorClient.py[line:140] DEBUG {'status': 0, 'text': '53|1|c:\\its\\\xd6\xa4\xc8\xaf\xb9\xf1\xcc\xa8\xb1\xa8\xc5\xcc\xbb\xfa|OrderCentral_Security.exe||0|1|53', 'strtime': '20180717151305', 'msg_index': 186850, 'type': 2003, 'monitors_erver_ip': '10.243.140.218'}
2018-07-17 15:13:06 MonitorClient.py[line:70] INFO group_id:51
2018-07-17 15:13:06 MonitorClient.py[line:72] INFO device_id:1
2018-07-17 15:13:06 MonitorClient.py[line:79] INFO Stoping------>>:报盘模拟撮合-期货
2018-07-17 15:13:07 MonitorClient.py[line:122] INFO text:51|1|c:\its\MatchCentre-Fut|MatchCentre-Fut.exe||0|1|51
2018-07-17 15:13:07 MonitorClient.py[line:139] DEBUG insert into its_monitor_message values(:msg_index,:monitors_erver_ip,:type,:text,:status,:strtime)
2018-07-17 15:13:07 MonitorClient.py[line:140] DEBUG {'status': 0, 'text': '51|1|c:\\its\\MatchCentre-Fut|MatchCentre-Fut.exe||0|1|51', 'strtime': '20180717151307', 'msg_index': 186850, 'type': 2003, 'monitors_erver_ip': '10.243.140.218'}
2018-07-17 15:13:08 MonitorClient.py[line:70] INFO group_id:51
2018-07-17 15:13:08 MonitorClient.py[line:72] INFO device_id:2
2018-07-17 15:13:08 MonitorClient.py[line:79] INFO Stoping------>>:报盘模拟撮合-期权
2018-07-17 15:13:09 MonitorClient.py[line:122] INFO text:51|2|C:\its\MatchCentre-Option|MatchCentre-Option.exe||0|1|51
2018-07-17 15:13:09 MonitorClient.py[line:139] DEBUG insert into its_monitor_message values(:msg_index,:monitors_erver_ip,:type,:text,:status,:strtime)
2018-07-17 15:13:09 MonitorClient.py[line:140] DEBUG {'status': 0, 'text': '51|2|C:\\its\\MatchCentre-Option|MatchCentre-Option.exe||0|1|51', 'strtime': '20180717151309', 'msg_index': 186850, 'type': 2003, 'monitors_erver_ip': '10.243.140.218'}
2018-07-17 15:13:10 MonitorClient.py[line:153] INFO <<------->>ALL Stop Sucess<<------->>
2018-07-17 15:13:25 MonitorClient.py[line:64] INFO Strating Server.....
2018-07-17 15:13:25 MonitorClient.py[line:68] INFO [(1, 104, 1, '\xd0\xd0\xc7\xe9\xb7\xfe\xce\xf1\xc6\xf7'), (11, 1, 1, 'arb\xd7\xdc\xcf\xdf'), (120, 27, 1, '\xc7\xb0\xd6\xc3\xbb\xfa-\xd6\xf7'), (130, 27, 2, '\xc7\xb0\xd6\xc3\xbb\xfa-\xb1\xb8'), (140, 50, 1, '\xc6\xda\xbb\xf5\xbd\xbb\xd2\xd7\xba\xcb\xd0\xc4'), (150, 25, 1, '\xd6\xa4\xc8\xaf\xbd\xbb\xd2\xd7\xba\xcb\xd0\xc4'), (160, 52, 1, '\xb8\xf6\xb9\xc9\xc6\xda\xc8\xa8\xbd\xbb\xd2\xd7\xba\xcb\xd0\xc4(\xd6\xf7)'), (170, 60, 1, '\xd6\xb8\xc1\xee\xd2\xb5\xce\xf1\xb7\xfe\xce\xf1'), (175, 61, 1, '\xca\xfd\xbe\xdd\xcd\xac\xb2\xbd\xb7\xfe\xce\xf1'), (260, 53, 1, '\xd6\xa4\xc8\xaf\xb9\xf1\xcc\xa8\xb1\xa8\xc5\xcc\xb7\xfe\xce\xf1'), (1100, 51, 1, '\xb1\xa8\xc5\xcc\xc4\xa3\xc4\xe2\xb4\xe9\xba\xcf-\xc6\xda\xbb\xf5'), (1110, 51, 2, '\xb1\xa8\xc5\xcc\xc4\xa3\xc4\xe2\xb4\xe9\xba\xcf-\xc6\xda\xc8\xa8')]
2018-07-17 15:13:25 MonitorClient.py[line:70] INFO group_id:104
2018-07-17 15:13:25 MonitorClient.py[line:72] INFO device_id:1
2018-07-17 15:13:25 MonitorClient.py[line:77] INFO Staring------>>:行情服务器
2018-07-17 15:13:26 MonitorClient.py[line:122] INFO text:104|1|c:\its\行情服务器|CMDSIII.exe||1|1|104
2018-07-17 15:13:26 MonitorClient.py[line:139] DEBUG insert into its_monitor_message values(:msg_index,:monitors_erver_ip,:type,:text,:status,:strtime)
2018-07-17 15:13:26 MonitorClient.py[line:140] DEBUG {'status': 0, 'text': '104|1|c:\\its\\\xd0\xd0\xc7\xe9\xb7\xfe\xce\xf1\xc6\xf7|CMDSIII.exe||1|1|104', 'strtime': '20180717151326', 'msg_index': 186850, 'type': 2001, 'monitors_erver_ip': '10.243.140.218'}
2018-07-17 15:13:27 MonitorClient.py[line:70] INFO group_id:1
2018-07-17 15:13:27 MonitorClient.py[line:72] INFO device_id:1
2018-07-17 15:13:27 MonitorClient.py[line:77] INFO Staring------>>:arb总线
2018-07-17 15:13:28 MonitorClient.py[line:122] INFO text:1|1|/home/kfts/its/arb|arb||0|1|1
2018-07-17 15:13:28 MonitorClient.py[line:139] DEBUG insert into its_monitor_message values(:msg_index,:monitors_erver_ip,:type,:text,:status,:strtime)
2018-07-17 15:13:28 MonitorClient.py[line:140] DEBUG {'status': 0, 'text': '1|1|/home/kfts/its/arb|arb||0|1|1', 'strtime': '20180717151328', 'msg_index': 186850, 'type': 2001, 'monitors_erver_ip': '10.243.140.219'}
2018-07-17 15:13:29 MonitorClient.py[line:70] INFO group_id:27
2018-07-17 15:13:29 MonitorClient.py[line:72] INFO device_id:1
2018-07-17 15:13:29 MonitorClient.py[line:77] INFO Staring------>>:前置机-主
2018-07-17 15:13:30 MonitorClient.py[line:122] INFO text:27|1|/home/kfts/its/trade_front/bin|trade_front||0|1|27
2018-07-17 15:13:30 MonitorClient.py[line:139] DEBUG insert into its_monitor_message values(:msg_index,:monitors_erver_ip,:type,:text,:status,:strtime)
2018-07-17 15:13:30 MonitorClient.py[line:140] DEBUG {'status': 0, 'text': '27|1|/home/kfts/its/trade_front/bin|trade_front||0|1|27', 'strtime': '20180717151330', 'msg_index': 186850, 'type': 2001, 'monitors_erver_ip': '10.243.140.219'}
2018-07-17 15:13:31 MonitorClient.py[line:70] INFO group_id:27
2018-07-17 15:13:31 MonitorClient.py[line:72] INFO device_id:2
2018-07-17 15:13:31 MonitorClient.py[line:77] INFO Staring------>>:前置机-备
2018-07-17 15:13:32 MonitorClient.py[line:122] INFO text:27|2|/home/kfts/its/trade_front2/bin|trade_front2||0|1|27
2018-07-17 15:13:32 MonitorClient.py[line:139] DEBUG insert into its_monitor_message values(:msg_index,:monitors_erver_ip,:type,:text,:status,:strtime)
2018-07-17 15:13:32 MonitorClient.py[line:140] DEBUG {'status': 0, 'text': '27|2|/home/kfts/its/trade_front2/bin|trade_front2||0|1|27', 'strtime': '20180717151332', 'msg_index': 186850, 'type': 2001, 'monitors_erver_ip': '10.243.140.219'}
2018-07-17 15:13:33 MonitorClient.py[line:70] INFO group_id:50
2018-07-17 15:13:33 MonitorClient.py[line:72] INFO device_id:1
2018-07-17 15:13:33 MonitorClient.py[line:77] INFO Staring------>>:期货交易核心
2018-07-17 15:13:34 MonitorClient.py[line:122] INFO text:50|1|/home/kfts/its/futures_trade_server|kfts_Future|-RENEW|0|1|50
2018-07-17 15:13:34 MonitorClient.py[line:139] DEBUG insert into its_monitor_message values(:msg_index,:monitors_erver_ip,:type,:text,:status,:strtime)
2018-07-17 15:13:34 MonitorClient.py[line:140] DEBUG {'status': 0, 'text': '50|1|/home/kfts/its/futures_trade_server|kfts_Future|-RENEW|0|1|50', 'strtime': '20180717151334', 'msg_index': 186850, 'type': 2001, 'monitors_erver_ip': '10.243.140.219'}
2018-07-17 15:13:35 MonitorClient.py[line:70] INFO group_id:25
2018-07-17 15:13:35 MonitorClient.py[line:72] INFO device_id:1
2018-07-17 15:13:35 MonitorClient.py[line:77] INFO Staring------>>:证券交易核心
2018-07-17 15:13:36 MonitorClient.py[line:122] INFO text:25|1|/home/kfts/its/securities_trade_server/bin|trade_server||0|1|25
2018-07-17 15:13:36 MonitorClient.py[line:139] DEBUG insert into its_monitor_message values(:msg_index,:monitors_erver_ip,:type,:text,:status,:strtime)
2018-07-17 15:13:36 MonitorClient.py[line:140] DEBUG {'status': 0, 'text': '25|1|/home/kfts/its/securities_trade_server/bin|trade_server||0|1|25', 'strtime': '20180717151336', 'msg_index': 186850, 'type': 2001, 'monitors_erver_ip': '10.243.140.219'}
2018-07-17 15:13:37 MonitorClient.py[line:70] INFO group_id:52
2018-07-17 15:13:37 MonitorClient.py[line:72] INFO device_id:1
2018-07-17 15:13:37 MonitorClient.py[line:77] INFO Staring------>>:个股期权交易核心(主)
2018-07-17 15:13:38 MonitorClient.py[line:122] INFO text:52|1|/home/kfts/its/stock_options_trade_server|kfts_StockOption||0|1|52
2018-07-17 15:13:38 MonitorClient.py[line:139] DEBUG insert into its_monitor_message values(:msg_index,:monitors_erver_ip,:type,:text,:status,:strtime)
2018-07-17 15:13:38 MonitorClient.py[line:140] DEBUG {'status': 0, 'text': '52|1|/home/kfts/its/stock_options_trade_server|kfts_StockOption||0|1|52', 'strtime': '20180717151338', 'msg_index': 186850, 'type': 2001, 'monitors_erver_ip': '10.243.140.219'}
2018-07-17 15:13:39 MonitorClient.py[line:70] INFO group_id:60
2018-07-17 15:13:39 MonitorClient.py[line:72] INFO device_id:1
2018-07-17 15:13:39 MonitorClient.py[line:77] INFO Staring------>>:指令业务服务
2018-07-17 15:13:40 MonitorClient.py[line:122] INFO text:60|1|/home/kfts/its/its_service|ITSService||0|1|60
2018-07-17 15:13:40 MonitorClient.py[line:139] DEBUG insert into its_monitor_message values(:msg_index,:monitors_erver_ip,:type,:text,:status,:strtime)
2018-07-17 15:13:40 MonitorClient.py[line:140] DEBUG {'status': 0, 'text': '60|1|/home/kfts/its/its_service|ITSService||0|1|60', 'strtime': '20180717151340', 'msg_index': 186850, 'type': 2001, 'monitors_erver_ip': '10.243.140.219'}
2018-07-17 15:13:41 MonitorClient.py[line:70] INFO group_id:61
2018-07-17 15:13:41 MonitorClient.py[line:72] INFO device_id:1
2018-07-17 15:13:41 MonitorClient.py[line:77] INFO Staring------>>:数据同步服务
2018-07-17 15:13:42 MonitorClient.py[line:122] INFO text:61|1|/home/kfts/its/data_sync|data_sync|-up all|0|1|61
2018-07-17 15:13:42 MonitorClient.py[line:139] DEBUG insert into its_monitor_message values(:msg_index,:monitors_erver_ip,:type,:text,:status,:strtime)
2018-07-17 15:13:42 MonitorClient.py[line:140] DEBUG {'status': 0, 'text': '61|1|/home/kfts/its/data_sync|data_sync|-up all|0|1|61', 'strtime': '20180717151342', 'msg_index': 186850, 'type': 2001, 'monitors_erver_ip': '10.243.140.219'}
2018-07-17 15:13:43 MonitorClient.py[line:70] INFO group_id:53
2018-07-17 15:13:43 MonitorClient.py[line:72] INFO device_id:1
2018-07-17 15:13:43 MonitorClient.py[line:77] INFO Staring------>>:证券柜台报盘服务
2018-07-17 15:13:44 MonitorClient.py[line:122] INFO text:53|1|c:\its\证券柜台报盘机|OrderCentral_Security.exe||0|1|53
2018-07-17 15:13:44 MonitorClient.py[line:139] DEBUG insert into its_monitor_message values(:msg_index,:monitors_erver_ip,:type,:text,:status,:strtime)
2018-07-17 15:13:44 MonitorClient.py[line:140] DEBUG {'status': 0, 'text': '53|1|c:\\its\\\xd6\xa4\xc8\xaf\xb9\xf1\xcc\xa8\xb1\xa8\xc5\xcc\xbb\xfa|OrderCentral_Security.exe||0|1|53', 'strtime': '20180717151344', 'msg_index': 186850, 'type': 2001, 'monitors_erver_ip': '10.243.140.218'}
2018-07-17 15:13:45 MonitorClient.py[line:70] INFO group_id:51
2018-07-17 15:13:45 MonitorClient.py[line:72] INFO device_id:1
2018-07-17 15:13:45 MonitorClient.py[line:77] INFO Staring------>>:报盘模拟撮合-期货
2018-07-17 15:13:46 MonitorClient.py[line:122] INFO text:51|1|c:\its\MatchCentre-Fut|MatchCentre-Fut.exe||0|1|51
2018-07-17 15:13:46 MonitorClient.py[line:139] DEBUG insert into its_monitor_message values(:msg_index,:monitors_erver_ip,:type,:text,:status,:strtime)
2018-07-17 15:13:46 MonitorClient.py[line:140] DEBUG {'status': 0, 'text': '51|1|c:\\its\\MatchCentre-Fut|MatchCentre-Fut.exe||0|1|51', 'strtime': '20180717151346', 'msg_index': 186850, 'type': 2001, 'monitors_erver_ip': '10.243.140.218'}
2018-07-17 15:13:46 MonitorClient.py[line:146] INFO OrderCentral Delay 30S To Start
2018-07-17 15:14:16 MonitorClient.py[line:70] INFO group_id:51
2018-07-17 15:14:16 MonitorClient.py[line:72] INFO device_id:2
2018-07-17 15:14:16 MonitorClient.py[line:77] INFO Staring------>>:报盘模拟撮合-期权
2018-07-17 15:14:17 MonitorClient.py[line:122] INFO text:51|2|C:\its\MatchCentre-Option|MatchCentre-Option.exe||0|1|51
2018-07-17 15:14:17 MonitorClient.py[line:139] DEBUG insert into its_monitor_message values(:msg_index,:monitors_erver_ip,:type,:text,:status,:strtime)
2018-07-17 15:14:17 MonitorClient.py[line:140] DEBUG {'status': 0, 'text': '51|2|C:\\its\\MatchCentre-Option|MatchCentre-Option.exe||0|1|51', 'strtime': '20180717151417', 'msg_index': 186850, 'type': 2001, 'monitors_erver_ip': '10.243.140.218'}
2018-07-17 15:14:17 MonitorClient.py[line:146] INFO OrderCentral Delay 30S To Start
2018-07-17 15:14:47 MonitorClient.py[line:151] INFO <<------->>ALL Start Sucess<<------->>
2018-07-17 15:15:07 MonitorClient.py[line:187] DEBUG insert into cmn_sync_msg_upload values(:msgno, :tablename, :condition, :status, :createtime,:finishtime, :errmsg, :sessionid, :businissno, :operation_type)
2018-07-17 15:15:07 MonitorClient.py[line:187] DEBUG insert into cmn_sync_msg_upload values(:msgno, :tablename, :condition, :status, :createtime,:finishtime, :errmsg, :sessionid, :businissno, :operation_type)
2018-07-17 15:15:07 MonitorClient.py[line:212] INFO futures_trade_server Upload Sucess
2018-07-17 15:15:07 MonitorClient.py[line:187] DEBUG insert into cmn_sync_msg_upload values(:msgno, :tablename, :condition, :status, :createtime,:finishtime, :errmsg, :sessionid, :businissno, :operation_type)
2018-07-17 15:15:07 MonitorClient.py[line:187] DEBUG insert into cmn_sync_msg_upload values(:msgno, :tablename, :condition, :status, :createtime,:finishtime, :errmsg, :sessionid, :businissno, :operation_type)
2018-07-17 15:15:07 MonitorClient.py[line:220] INFO securities_trade_server Upload Sucess
2018-07-17 15:15:07 MonitorClient.py[line:187] DEBUG insert into cmn_sync_msg_upload values(:msgno, :tablename, :condition, :status, :createtime,:finishtime, :errmsg, :sessionid, :businissno, :operation_type)
2018-07-17 15:15:07 MonitorClient.py[line:187] DEBUG insert into cmn_sync_msg_upload values(:msgno, :tablename, :condition, :status, :createtime,:finishtime, :errmsg, :sessionid, :businissno, :operation_type)
2018-07-17 15:15:07 MonitorClient.py[line:228] INFO stock_options_trade_server Upload Sucess
2018-07-17 15:15:07 MonitorClient.py[line:238] INFO NO gold_trade_server
