2018-06-07 15:56:01 MonitorClient.py[line:67] INFO group_id:104
2018-06-07 15:56:01 MonitorClient.py[line:69] INFO device_id:1
2018-06-07 15:56:01 MonitorClient.py[line:76] INFO Stoping------>>:行情服务器
2018-06-07 15:56:02 MonitorClient.py[line:119] INFO text:104|1|c:\its\行情服务器|CMDSIII.exe||1|1|104
2018-06-07 15:56:03 MonitorClient.py[line:67] INFO group_id:1
2018-06-07 15:56:03 MonitorClient.py[line:69] INFO device_id:1
2018-06-07 15:56:03 MonitorClient.py[line:76] INFO Stoping------>>:arb总线
2018-06-07 15:56:04 MonitorClient.py[line:119] INFO text:1|1|/home/kfts/its/arb|arb||0|1|1
2018-06-07 15:56:06 MonitorClient.py[line:67] INFO group_id:27
2018-06-07 15:56:06 MonitorClient.py[line:69] INFO device_id:1
2018-06-07 15:56:06 MonitorClient.py[line:76] INFO Stoping------>>:前置机
2018-06-07 15:56:07 MonitorClient.py[line:119] INFO text:27|1|/home/kfts/its/trade_front/bin|trade_front||0|1|27
2018-06-07 15:56:08 MonitorClient.py[line:67] INFO group_id:50
2018-06-07 15:56:08 MonitorClient.py[line:69] INFO device_id:1
2018-06-07 15:56:08 MonitorClient.py[line:76] INFO Stoping------>>:期货交易核心
2018-06-07 15:56:09 MonitorClient.py[line:119] INFO text:50|1|/home/kfts/its/futures_trade_server|kfts_Future|-RENEW|0|1|50
2018-06-07 15:56:10 MonitorClient.py[line:67] INFO group_id:25
2018-06-07 15:56:10 MonitorClient.py[line:69] INFO device_id:1
2018-06-07 15:56:10 MonitorClient.py[line:76] INFO Stoping------>>:证券交易核心
2018-06-07 15:56:11 MonitorClient.py[line:119] INFO text:25|1|/home/kfts/its/securities_trade_server/bin|trade_server||0|1|25
2018-06-07 15:56:12 MonitorClient.py[line:67] INFO group_id:52
2018-06-07 15:56:12 MonitorClient.py[line:69] INFO device_id:1
2018-06-07 15:56:12 MonitorClient.py[line:76] INFO Stoping------>>:个股期权交易核心(主)
2018-06-07 15:56:13 MonitorClient.py[line:119] INFO text:52|1|/home/kfts/its/stock_options_trade_server|kfts_StockOption||0|1|52
2018-06-07 15:56:14 MonitorClient.py[line:67] INFO group_id:60
2018-06-07 15:56:14 MonitorClient.py[line:69] INFO device_id:1
2018-06-07 15:56:14 MonitorClient.py[line:76] INFO Stoping------>>:指令业务服务
2018-06-07 15:56:15 MonitorClient.py[line:119] INFO text:60|1|/home/kfts/its/its_service|ITSService||0|1|60
2018-06-07 15:56:16 MonitorClient.py[line:67] INFO group_id:53
2018-06-07 15:56:16 MonitorClient.py[line:69] INFO device_id:1
2018-06-07 15:56:16 MonitorClient.py[line:76] INFO Stoping------>>:证券柜台报盘服务
2018-06-07 15:56:17 MonitorClient.py[line:119] INFO text:53|1|c:\its\证券柜台报盘机|OrderCentral_Security.exe||0|1|53
2018-06-07 15:56:18 MonitorClient.py[line:67] INFO group_id:61
2018-06-07 15:56:18 MonitorClient.py[line:69] INFO device_id:1
2018-06-07 15:56:18 MonitorClient.py[line:76] INFO Stoping------>>:数据同步服务
2018-06-07 15:56:19 MonitorClient.py[line:119] INFO text:61|1|/home/kfts/its/data_sync|data_sync|-up all|0|1|61
2018-06-07 15:56:20 MonitorClient.py[line:67] INFO group_id:51
2018-06-07 15:56:20 MonitorClient.py[line:69] INFO device_id:1
2018-06-07 15:56:20 MonitorClient.py[line:76] INFO Stoping------>>:报盘模拟撮合-期货
2018-06-07 15:56:21 MonitorClient.py[line:119] INFO text:51|1|c:\its\MatchCentre-Fut|MatchCentre-Fut.exe||0|1|51
2018-06-07 15:56:22 MonitorClient.py[line:67] INFO group_id:51
2018-06-07 15:56:22 MonitorClient.py[line:69] INFO device_id:2
2018-06-07 15:56:22 MonitorClient.py[line:76] INFO Stoping------>>:报盘模拟撮合-期权
2018-06-07 15:56:24 MonitorClient.py[line:119] INFO text:51|2|c:\its\MatchCentre-Option|MatchCentre-Option.exe||0|1|51
2018-06-07 15:56:25 MonitorClient.py[line:148] INFO <<------->>ALL Stop Sucess<<------->>
2018-06-07 15:57:08 MonitorClient.py[line:67] INFO group_id:104
2018-06-07 15:57:08 MonitorClient.py[line:69] INFO device_id:1
2018-06-07 15:57:08 MonitorClient.py[line:74] INFO Staring------>>:行情服务器
2018-06-07 15:57:09 MonitorClient.py[line:119] INFO text:104|1|c:\its\行情服务器|CMDSIII.exe||1|1|104
2018-06-07 15:57:10 MonitorClient.py[line:67] INFO group_id:1
2018-06-07 15:57:10 MonitorClient.py[line:69] INFO device_id:1
2018-06-07 15:57:10 MonitorClient.py[line:74] INFO Staring------>>:arb总线
2018-06-07 15:57:11 MonitorClient.py[line:119] INFO text:1|1|/home/kfts/its/arb|arb||0|1|1
2018-06-07 15:57:12 MonitorClient.py[line:67] INFO group_id:27
2018-06-07 15:57:12 MonitorClient.py[line:69] INFO device_id:1
2018-06-07 15:57:12 MonitorClient.py[line:74] INFO Staring------>>:前置机
2018-06-07 15:57:13 MonitorClient.py[line:119] INFO text:27|1|/home/kfts/its/trade_front/bin|trade_front||0|1|27
2018-06-07 15:57:14 MonitorClient.py[line:67] INFO group_id:50
2018-06-07 15:57:14 MonitorClient.py[line:69] INFO device_id:1
2018-06-07 15:57:14 MonitorClient.py[line:74] INFO Staring------>>:期货交易核心
2018-06-07 15:57:15 MonitorClient.py[line:119] INFO text:50|1|/home/kfts/its/futures_trade_server|kfts_Future|-RENEW|0|1|50
2018-06-07 15:57:16 MonitorClient.py[line:67] INFO group_id:25
2018-06-07 15:57:16 MonitorClient.py[line:69] INFO device_id:1
2018-06-07 15:57:16 MonitorClient.py[line:74] INFO Staring------>>:证券交易核心
2018-06-07 15:57:17 MonitorClient.py[line:119] INFO text:25|1|/home/kfts/its/securities_trade_server/bin|trade_server||0|1|25
2018-06-07 15:57:18 MonitorClient.py[line:67] INFO group_id:52
2018-06-07 15:57:18 MonitorClient.py[line:69] INFO device_id:1
2018-06-07 15:57:18 MonitorClient.py[line:74] INFO Staring------>>:个股期权交易核心(主)
2018-06-07 15:57:19 MonitorClient.py[line:119] INFO text:52|1|/home/kfts/its/stock_options_trade_server|kfts_StockOption||0|1|52
2018-06-07 15:57:20 MonitorClient.py[line:67] INFO group_id:60
2018-06-07 15:57:20 MonitorClient.py[line:69] INFO device_id:1
2018-06-07 15:57:20 MonitorClient.py[line:74] INFO Staring------>>:指令业务服务
2018-06-07 15:57:21 MonitorClient.py[line:119] INFO text:60|1|/home/kfts/its/its_service|ITSService||0|1|60
2018-06-07 15:57:22 MonitorClient.py[line:67] INFO group_id:53
2018-06-07 15:57:22 MonitorClient.py[line:69] INFO device_id:1
2018-06-07 15:57:22 MonitorClient.py[line:74] INFO Staring------>>:证券柜台报盘服务
2018-06-07 15:57:23 MonitorClient.py[line:119] INFO text:53|1|c:\its\证券柜台报盘机|OrderCentral_Security.exe||0|1|53
2018-06-07 15:57:24 MonitorClient.py[line:67] INFO group_id:61
2018-06-07 15:57:24 MonitorClient.py[line:69] INFO device_id:1
2018-06-07 15:57:24 MonitorClient.py[line:74] INFO Staring------>>:数据同步服务
2018-06-07 15:57:25 MonitorClient.py[line:119] INFO text:61|1|/home/kfts/its/data_sync|data_sync|-up all|0|1|61
2018-06-07 15:57:26 MonitorClient.py[line:67] INFO group_id:51
2018-06-07 15:57:26 MonitorClient.py[line:69] INFO device_id:1
2018-06-07 15:57:26 MonitorClient.py[line:74] INFO Staring------>>:报盘模拟撮合-期货
2018-06-07 15:57:27 MonitorClient.py[line:119] INFO text:51|1|c:\its\MatchCentre-Fut|MatchCentre-Fut.exe||0|1|51
2018-06-07 15:57:27 MonitorClient.py[line:141] INFO OrderCentral Delay 30S To Start
2018-06-07 15:57:57 MonitorClient.py[line:67] INFO group_id:51
2018-06-07 15:57:57 MonitorClient.py[line:69] INFO device_id:2
2018-06-07 15:57:57 MonitorClient.py[line:74] INFO Staring------>>:报盘模拟撮合-期权
2018-06-07 15:57:58 MonitorClient.py[line:119] INFO text:51|2|c:\its\MatchCentre-Option|MatchCentre-Option.exe||0|1|51
2018-06-07 15:57:58 MonitorClient.py[line:141] INFO OrderCentral Delay 30S To Start
2018-06-07 15:58:28 MonitorClient.py[line:146] INFO <<------->>ALL Start Sucess<<------->>
