2018-06-07 16:44:25 MonitorClient.py[line:67] INFO group_id:1
2018-06-07 16:44:25 MonitorClient.py[line:69] INFO device_id:1
2018-06-07 16:44:25 MonitorClient.py[line:76] INFO Stoping------>>:arb总线
2018-06-07 16:44:26 MonitorClient.py[line:119] INFO text:1|1|/kfts/its/arb|arb||0|1|1
2018-06-07 16:44:27 MonitorClient.py[line:67] INFO group_id:27
2018-06-07 16:44:27 MonitorClient.py[line:69] INFO device_id:1
2018-06-07 16:44:27 MonitorClient.py[line:76] INFO Stoping------>>:交易前置机
2018-06-07 16:44:28 MonitorClient.py[line:119] INFO text:27|1|/kfts/its/trade_front/bin|trade_front||0|1|27
2018-06-07 16:44:29 MonitorClient.py[line:67] INFO group_id:27
2018-06-07 16:44:29 MonitorClient.py[line:69] INFO device_id:2
2018-06-07 16:44:29 MonitorClient.py[line:76] INFO Stoping------>>:交易前置机2
2018-06-07 16:44:30 MonitorClient.py[line:119] INFO text:27|2|/kfts/its/trade_front2/bin|trade_front2||0|1|27
2018-06-07 16:44:31 MonitorClient.py[line:67] INFO group_id:25
2018-06-07 16:44:31 MonitorClient.py[line:69] INFO device_id:1
2018-06-07 16:44:31 MonitorClient.py[line:76] INFO Stoping------>>:证券交易服务(主)
2018-06-07 16:44:32 MonitorClient.py[line:119] INFO text:25|1|/kfts/its/securities_trade_server/bin|trade_server||0|1|25
2018-06-07 16:44:33 MonitorClient.py[line:67] INFO group_id:50
2018-06-07 16:44:33 MonitorClient.py[line:69] INFO device_id:1
2018-06-07 16:44:33 MonitorClient.py[line:76] INFO Stoping------>>:期货交易服务(主)
2018-06-07 16:44:34 MonitorClient.py[line:119] INFO text:50|1|/kfts/its/futures_trade_server|kfts_Future|-RENEW|0|1|50
2018-06-07 16:44:35 MonitorClient.py[line:67] INFO group_id:52
2018-06-07 16:44:35 MonitorClient.py[line:69] INFO device_id:1
2018-06-07 16:44:35 MonitorClient.py[line:76] INFO Stoping------>>:个股期权交易核心(主)
2018-06-07 16:44:36 MonitorClient.py[line:119] INFO text:52|1|/kfts/its/stock_options_trade_server|kfts_StockOption||0|1|52
2018-06-07 16:44:37 MonitorClient.py[line:67] INFO group_id:60
2018-06-07 16:44:37 MonitorClient.py[line:69] INFO device_id:1
2018-06-07 16:44:37 MonitorClient.py[line:76] INFO Stoping------>>:业务核心服务(主)
2018-06-07 16:44:38 MonitorClient.py[line:119] INFO text:60|1|/kfts/its/its_service|ITSService||0|1|60
2018-06-07 16:44:39 MonitorClient.py[line:67] INFO group_id:61
2018-06-07 16:44:39 MonitorClient.py[line:69] INFO device_id:1
2018-06-07 16:44:39 MonitorClient.py[line:76] INFO Stoping------>>:数据同步服务
2018-06-07 16:44:40 MonitorClient.py[line:119] INFO text:61|1|/kfts/its/data_sync|data_sync|-up all|0|1|61
2018-06-07 16:44:41 MonitorClient.py[line:67] INFO group_id:51
2018-06-07 16:44:41 MonitorClient.py[line:69] INFO device_id:2
2018-06-07 16:44:41 MonitorClient.py[line:76] INFO Stoping------>>:模拟期货报盘程序
2018-06-07 16:44:42 MonitorClient.py[line:119] INFO text:51|2|C:\itstest\FUtMatchCentre|MatchCentre.exe|-d 2|0|1|51
2018-06-07 16:44:43 MonitorClient.py[line:67] INFO group_id:106
2018-06-07 16:44:43 MonitorClient.py[line:69] INFO device_id:1
2018-06-07 16:44:43 MonitorClient.py[line:76] INFO Stoping------>>:行情采集器
2018-06-07 16:44:44 MonitorClient.py[line:119] INFO text:106|1|c:\itstest\行情采集器|QuoteSave.exe||0|1|106
2018-06-07 16:44:45 MonitorClient.py[line:67] INFO group_id:53
2018-06-07 16:44:45 MonitorClient.py[line:69] INFO device_id:2
2018-06-07 16:44:45 MonitorClient.py[line:76] INFO Stoping------>>:证券报盘模拟撮合
2018-06-07 16:44:46 MonitorClient.py[line:119] INFO text:53|2|C:\itstest\SECMatchCentre|MatchCentre.exe||0|1|53
2018-06-07 16:44:47 MonitorClient.py[line:148] INFO <<------->>ALL Stop Sucess<<------->>
2018-06-07 16:45:06 MonitorClient.py[line:67] INFO group_id:1
2018-06-07 16:45:06 MonitorClient.py[line:69] INFO device_id:1
2018-06-07 16:45:06 MonitorClient.py[line:74] INFO Staring------>>:arb总线
2018-06-07 16:45:07 MonitorClient.py[line:119] INFO text:1|1|/kfts/its/arb|arb||0|1|1
2018-06-07 16:45:08 MonitorClient.py[line:67] INFO group_id:27
2018-06-07 16:45:08 MonitorClient.py[line:69] INFO device_id:1
2018-06-07 16:45:08 MonitorClient.py[line:74] INFO Staring------>>:交易前置机
2018-06-07 16:45:09 MonitorClient.py[line:119] INFO text:27|1|/kfts/its/trade_front/bin|trade_front||0|1|27
2018-06-07 16:45:10 MonitorClient.py[line:67] INFO group_id:27
2018-06-07 16:45:10 MonitorClient.py[line:69] INFO device_id:2
2018-06-07 16:45:10 MonitorClient.py[line:74] INFO Staring------>>:交易前置机2
2018-06-07 16:45:11 MonitorClient.py[line:119] INFO text:27|2|/kfts/its/trade_front2/bin|trade_front2||0|1|27
2018-06-07 16:45:12 MonitorClient.py[line:67] INFO group_id:25
2018-06-07 16:45:12 MonitorClient.py[line:69] INFO device_id:1
2018-06-07 16:45:12 MonitorClient.py[line:74] INFO Staring------>>:证券交易服务(主)
2018-06-07 16:45:13 MonitorClient.py[line:119] INFO text:25|1|/kfts/its/securities_trade_server/bin|trade_server||0|1|25
2018-06-07 16:45:14 MonitorClient.py[line:67] INFO group_id:50
2018-06-07 16:45:14 MonitorClient.py[line:69] INFO device_id:1
2018-06-07 16:45:14 MonitorClient.py[line:74] INFO Staring------>>:期货交易服务(主)
2018-06-07 16:45:15 MonitorClient.py[line:119] INFO text:50|1|/kfts/its/futures_trade_server|kfts_Future|-RENEW|0|1|50
2018-06-07 16:45:16 MonitorClient.py[line:67] INFO group_id:52
2018-06-07 16:45:16 MonitorClient.py[line:69] INFO device_id:1
2018-06-07 16:45:16 MonitorClient.py[line:74] INFO Staring------>>:个股期权交易核心(主)
2018-06-07 16:45:17 MonitorClient.py[line:119] INFO text:52|1|/kfts/its/stock_options_trade_server|kfts_StockOption||0|1|52
